This file contains any messages produced by compilers while
running configure, to aid debugging if configure makes a mistake.

It was created by configure, which was
generated by GNU Autoconf 2.69.  Invocation command line was

  $ ./configure 

## --------- ##
## Platform. ##
## --------- ##

hostname = laptop
uname -m = x86_64
uname -r = 3.19.0-20-generic
uname -s = Linux
uname -v = #20-Ubuntu SMP Fri May 29 10:10:47 UTC 2015

/usr/bin/uname -p = unknown
/bin/uname -X     = unknown

/bin/arch              = unknown
/usr/bin/arch -k       = unknown
/usr/convex/getsysinfo = unknown
/usr/bin/hostinfo      = unknown
/bin/machine           = unknown
/usr/bin/oslevel       = unknown
/bin/universe          = unknown

PATH: /usr/local/sbin
PATH: /usr/local/bin
PATH: /usr/sbin
PATH: /usr/bin
PATH: /sbin
PATH: /bin
PATH: /usr/games
PATH: /usr/local/games
PATH: /usr/lib/jvm/java-9-oracle/bin
PATH: /usr/lib/jvm/java-9-oracle/db/bin


## ----------- ##
## Core tests. ##
## ----------- ##

configure:2077: checking for grep that handles long lines and -e
configure:2135: result: /bin/grep
configure:2140: checking for egrep
configure:2202: result: /bin/grep -E
configure:2207: checking for a sed that does not truncate output
configure:2271: result: /bin/sed
configure:2405: checking for cc
configure:2421: found /usr/bin/cc
configure:2432: result: cc
configure:2463: checking for C compiler version
configure:2472: cc --version >&5
cc (Ubuntu 4.9.2-10ubuntu13) 4.9.2
Copyright (C) 2014 Free Software Foundation, Inc.
This is free software; see the source for copying conditions.  There is NO
warranty; not even for MERCHANTABILITY or FITNESS FOR A PARTICULAR PURPOSE.

configure:2483: $? = 0
configure:2472: cc -v >&5
Using built-in specs.
COLLECT_GCC=cc
COLLECT_LTO_WRAPPER=/usr/lib/gcc/x86_64-linux-gnu/4.9/lto-wrapper
Target: x86_64-linux-gnu
Configured with: ../src/configure -v --with-pkgversion='Ubuntu 4.9.2-10ubuntu13' --with-bugurl=file:///usr/share/doc/gcc-4.9/README.Bugs --enable-languages=c,c++,java,go,d,fortran,objc,obj-c++ --prefix=/usr --program-suffix=-4.9 --enable-shared --enable-linker-build-id --libexecdir=/usr/lib --without-included-gettext --enable-threads=posix --with-gxx-include-dir=/usr/include/c++/4.9 --libdir=/usr/lib --enable-nls --with-sysroot=/ --enable-clocale=gnu --enable-libstdcxx-debug --enable-libstdcxx-time=yes --enable-gnu-unique-object --disable-vtable-verify --enable-plugin --with-system-zlib --disable-browser-plugin --enable-java-awt=gtk --enable-gtk-cairo --with-java-home=/usr/lib/jvm/java-1.5.0-gcj-4.9-amd64/jre --enable-java-home --with-jvm-root-dir=/usr/lib/jvm/java-1.5.0-gcj-4.9-amd64 --with-jvm-jar-dir=/usr/lib/jvm-exports/java-1.5.0-gcj-4.9-amd64 --with-arch-directory=amd64 --with-ecj-jar=/usr/share/java/eclipse-ecj.jar --enable-objc-gc --enable-multiarch --disable-werror --with-arch-32=i686 --with-abi=m64 --with-multilib-list=m32,m64,mx32 --enable-multilib --with-tune=generic --enable-checking=release --build=x86_64-linux-gnu --host=x86_64-linux-gnu --target=x86_64-linux-gnu
Thread model: posix
gcc version 4.9.2 (Ubuntu 4.9.2-10ubuntu13) 
configure:2483: $? = 0
configure:2472: cc -V >&5
cc: error: unrecognized command line option '-V'
cc: fatal error: no input files
compilation terminated.
configure:2483: $? = 4
configure:2472: cc -qversion >&5
cc: error: unrecognized command line option '-qversion'
cc: fatal error: no input files
compilation terminated.
configure:2483: $? = 4
configure:2503: checking whether the C compiler works
configure:2525: cc    conftest.c  >&5
configure:2529: $? = 0
configure:2577: result: yes
configure:2580: checking for C compiler default output file name
configure:2582: result: a.out
configure:2588: checking for suffix of executables
configure:2595: cc -o conftest    conftest.c  >&5
configure:2599: $? = 0
configure:2621: result: 
configure:2643: checking whether we are cross compiling
configure:2651: cc -o conftest    conftest.c  >&5
configure:2655: $? = 0
configure:2662: ./conftest
configure:2666: $? = 0
configure:2681: result: no
configure:2686: checking for suffix of object files
configure:2708: cc -c   conftest.c >&5
configure:2712: $? = 0
configure:2733: result: o
configure:2737: checking whether we are using the GNU C compiler
configure:2756: cc -c   conftest.c >&5
configure:2756: $? = 0
configure:2765: result: yes
configure:2774: checking whether cc accepts -g
configure:2794: cc -c -g  conftest.c >&5
configure:2794: $? = 0
configure:2835: result: yes
configure:2852: checking for cc option to accept ISO C89
configure:2915: cc  -c -g -O2  conftest.c >&5
configure:2915: $? = 0
configure:2928: result: none needed
configure:2954: checking how to run the C preprocessor
configure:2985: cc -E  conftest.c
configure:2985: $? = 0
configure:2999: cc -E  conftest.c
conftest.c:9:28: fatal error: ac_nonexistent.h: No such file or directory
 #include <ac_nonexistent.h>
                            ^
compilation terminated.
configure:2999: $? = 1
configure: failed program was:
| /* confdefs.h */
| #define PACKAGE_NAME ""
| #define PACKAGE_TARNAME ""
| #define PACKAGE_VERSION ""
| #define PACKAGE_STRING ""
| #define PACKAGE_BUGREPORT ""
| #define PACKAGE_URL ""
| /* end confdefs.h.  */
| #include <ac_nonexistent.h>
configure:3024: result: cc -E
configure:3044: cc -E  conftest.c
configure:3044: $? = 0
configure:3058: cc -E  conftest.c
conftest.c:9:28: fatal error: ac_nonexistent.h: No such file or directory
 #include <ac_nonexistent.h>
                            ^
compilation terminated.
configure:3058: $? = 1
configure: failed program was:
| /* confdefs.h */
| #define PACKAGE_NAME ""
| #define PACKAGE_TARNAME ""
| #define PACKAGE_VERSION ""
| #define PACKAGE_STRING ""
| #define PACKAGE_BUGREPORT ""
| #define PACKAGE_URL ""
| /* end confdefs.h.  */
| #include <ac_nonexistent.h>
configure:3089: checking for icc
configure:3098: result: no
configure:3112: checking for suncc
configure:3121: result: no
configure:3139: checking whether cc understands -c and -o together
configure:3167: cc -c conftest.c -o conftest2.o >&5
configure:3171: $? = 0
configure:3177: cc -c conftest.c -o conftest2.o >&5
configure:3181: $? = 0
configure:3236: result: yes
configure:3250: checking for system library directory
configure:3265: result: lib
configure:3272: checking if compiler supports -R
configure:3291: cc -o conftest -g -O2   conftest.c -R /usr/lib  >&5
cc: error: unrecognized command line option '-R'
configure:3291: $? = 1
configure: failed program was:
| /* confdefs.h */
| #define PACKAGE_NAME ""
| #define PACKAGE_TARNAME ""
| #define PACKAGE_VERSION ""
| #define PACKAGE_STRING ""
| #define PACKAGE_BUGREPORT ""
| #define PACKAGE_URL ""
| /* end confdefs.h.  */
| 
| int
| main ()
| {
| 
|   ;
|   return 0;
| }
configure:3301: result: no
configure:3306: checking if compiler supports -Wl,-rpath,
configure:3325: cc -o conftest -g -O2   conftest.c -Wl,-rpath,/usr/lib  >&5
configure:3325: $? = 0
configure:3335: result: yes
configure:3380: checking build system type
configure:3394: result: x86_64-unknown-linux-gnu
configure:3414: checking host system type
configure:3427: result: x86_64-unknown-linux-gnu
configure:3447: checking target system type
configure:3460: result: x86_64-unknown-linux-gnu
configure:3563: checking for PHP prefix
configure:3565: result: /usr
configure:3567: checking for PHP includes
configure:3569: result: -I/usr/include/php5 -I/usr/include/php5/main -I/usr/include/php5/TSRM -I/usr/include/php5/Zend -I/usr/include/php5/ext -I/usr/include/php5/ext/date/lib
configure:3571: checking for PHP extension directory
configure:3573: result: /usr/lib/php5/20131226
configure:3575: checking for PHP installed headers prefix
configure:3577: result: /usr/include/php5
configure:3580: checking if debug is enabled
configure:3606: result: no
configure:3609: checking if zts is enabled
configure:3635: result: no
configure:3706: checking for re2c
configure:3736: result: no
configure:3761: WARNING: You will need re2c 0.13.4 or later if you want to regenerate PHP parsers.
configure:3775: checking for gawk
configure:3792: found /usr/bin/gawk
configure:3803: result: gawk
configure:3846: checking whether to enable my extension
configure:3885: result: yes, shared
configure:4246: checking how to print strings
configure:4273: result: printf
configure:4294: checking for a sed that does not truncate output
configure:4358: result: /bin/sed
configure:4376: checking for fgrep
configure:4438: result: /bin/grep -F
configure:4473: checking for ld used by cc
configure:4540: result: /usr/bin/ld
configure:4547: checking if the linker (/usr/bin/ld) is GNU ld
configure:4562: result: yes
configure:4574: checking for BSD- or MS-compatible name lister (nm)
configure:4623: result: /usr/bin/nm -B
configure:4753: checking the name lister (/usr/bin/nm -B) interface
configure:4760: cc -c -g -O2  conftest.c >&5
configure:4763: /usr/bin/nm -B "conftest.o"
configure:4766: output
0000000000000000 B some_variable
configure:4773: result: BSD nm
configure:4776: checking whether ln -s works
configure:4780: result: yes
configure:4788: checking the maximum length of command line arguments
configure:4919: result: 1572864
configure:4936: checking whether the shell understands some XSI constructs
configure:4946: result: yes
configure:4950: checking whether the shell understands "+="
configure:4956: result: yes
configure:4991: checking how to convert x86_64-unknown-linux-gnu file names to x86_64-unknown-linux-gnu format
configure:5031: result: func_convert_file_noop
configure:5038: checking how to convert x86_64-unknown-linux-gnu file names to toolchain format
configure:5058: result: func_convert_file_noop
configure:5065: checking for /usr/bin/ld option to reload object files
configure:5072: result: -r
configure:5146: checking for objdump
configure:5162: found /usr/bin/objdump
configure:5173: result: objdump
configure:5205: checking how to recognize dependent libraries
configure:5403: result: pass_all
configure:5488: checking for dlltool
configure:5518: result: no
configure:5548: checking how to associate runtime and link libraries
configure:5575: result: printf %s\n
configure:5635: checking for ar
configure:5651: found /usr/bin/ar
configure:5662: result: ar
configure:5699: checking for archiver @FILE support
configure:5716: cc -c -g -O2  conftest.c >&5
configure:5716: $? = 0
configure:5719: ar cru libconftest.a @conftest.lst >&5
configure:5722: $? = 0
configure:5727: ar cru libconftest.a @conftest.lst >&5
ar: conftest.o: No such file or directory
configure:5730: $? = 1
configure:5742: result: @
configure:5800: checking for strip
configure:5816: found /usr/bin/strip
configure:5827: result: strip
configure:5899: checking for ranlib
configure:5915: found /usr/bin/ranlib
configure:5926: result: ranlib
configure:6003: checking for gawk
configure:6030: result: gawk
configure:6070: checking command to parse /usr/bin/nm -B output from cc object
configure:6190: cc -c -g -O2  conftest.c >&5
configure:6193: $? = 0
configure:6197: /usr/bin/nm -B conftest.o \| sed -n -e 's/^.*[ ]\([ABCDGIRSTW][ABCDGIRSTW]*\)[ ][ ]*\([_A-Za-z][_A-Za-z0-9]*\)$/\1 \2 \2/p' | sed '/ __gnu_lto/d' \> conftest.nm
configure:6200: $? = 0
configure:6266: cc -o conftest -g -O2   conftest.c conftstm.o >&5
configure:6269: $? = 0
configure:6307: result: ok
configure:6344: checking for sysroot
configure:6374: result: no
configure:6451: cc -c -g -O2  conftest.c >&5
configure:6454: $? = 0
configure:6643: checking for mt
configure:6659: found /bin/mt
configure:6670: result: mt
configure:6693: checking if mt is a manifest tool
configure:6699: mt '-?'
configure:6707: result: no
configure:7344: checking for ANSI C header files
configure:7364: cc -c -g -O2  conftest.c >&5
configure:7364: $? = 0
configure:7437: cc -o conftest -g -O2   conftest.c  >&5
configure:7437: $? = 0
configure:7437: ./conftest
configure:7437: $? = 0
configure:7448: result: yes
configure:7461: checking for sys/types.h
configure:7461: cc -c -g -O2  conftest.c >&5
configure:7461: $? = 0
configure:7461: result: yes
configure:7461: checking for sys/stat.h
configure:7461: cc -c -g -O2  conftest.c >&5
configure:7461: $? = 0
configure:7461: result: yes
configure:7461: checking for stdlib.h
configure:7461: cc -c -g -O2  conftest.c >&5
configure:7461: $? = 0
configure:7461: result: yes
configure:7461: checking for string.h
configure:7461: cc -c -g -O2  conftest.c >&5
configure:7461: $? = 0
configure:7461: result: yes
configure:7461: checking for memory.h
configure:7461: cc -c -g -O2  conftest.c >&5
configure:7461: $? = 0
configure:7461: result: yes
configure:7461: checking for strings.h
configure:7461: cc -c -g -O2  conftest.c >&5
configure:7461: $? = 0
configure:7461: result: yes
configure:7461: checking for inttypes.h
configure:7461: cc -c -g -O2  conftest.c >&5
configure:7461: $? = 0
configure:7461: result: yes
configure:7461: checking for stdint.h
configure:7461: cc -c -g -O2  conftest.c >&5
configure:7461: $? = 0
configure:7461: result: yes
configure:7461: checking for unistd.h
configure:7461: cc -c -g -O2  conftest.c >&5
configure:7461: $? = 0
configure:7461: result: yes
configure:7475: checking for dlfcn.h
configure:7475: cc -c -g -O2  conftest.c >&5
configure:7475: $? = 0
configure:7475: result: yes
configure:7681: checking for objdir
configure:7696: result: .libs
configure:7967: checking if cc supports -fno-rtti -fno-exceptions
configure:7985: cc -c -g -O2  -fno-rtti -fno-exceptions conftest.c >&5
cc1: warning: command line option '-fno-rtti' is valid for C++/ObjC++ but not for C
configure:7989: $? = 0
configure:8002: result: no
configure:8329: checking for cc option to produce PIC
configure:8336: result: -fPIC -DPIC
configure:8344: checking if cc PIC flag -fPIC -DPIC works
configure:8362: cc -c -g -O2  -fPIC -DPIC -DPIC conftest.c >&5
configure:8366: $? = 0
configure:8379: result: yes
configure:8408: checking if cc static flag -static works
configure:8436: result: yes
configure:8451: checking if cc supports -c -o file.o
configure:8472: cc -c -g -O2  -o out/conftest2.o conftest.c >&5
configure:8476: $? = 0
configure:8498: result: yes
configure:8506: checking if cc supports -c -o file.o
configure:8553: result: yes
configure:8586: checking whether the cc linker (/usr/bin/ld -m elf_x86_64) supports shared libraries
configure:9743: result: yes
configure:9780: checking whether -lc should be explicitly linked in
configure:9788: cc -c -g -O2  conftest.c >&5
configure:9791: $? = 0
configure:9806: cc -shared  -fPIC -DPIC conftest.o  -v -Wl,-soname -Wl,conftest -o conftest 2\>\&1 \| /bin/grep  -lc  \>/dev/null 2\>\&1
configure:9809: $? = 0
configure:9823: result: no
configure:9983: checking dynamic linker characteristics
configure:10483: cc -o conftest -g -O2   -Wl,-rpath -Wl,/foo conftest.c  >&5
configure:10483: $? = 0
configure:10717: result: GNU/Linux ld.so
configure:10824: checking how to hardcode library paths into programs
configure:10849: result: immediate
configure:11389: checking whether stripping libraries is possible
configure:11394: result: yes
configure:11429: checking if libtool supports shared libraries
configure:11431: result: yes
configure:11434: checking whether to build shared libraries
configure:11455: result: yes
configure:11458: checking whether to build static libraries
configure:11462: result: no
configure:11738: creating ./config.status

## ---------------------- ##
## Running config.status. ##
## ---------------------- ##

This file was extended by config.status, which was
generated by GNU Autoconf 2.69.  Invocation command line was

  CONFIG_FILES    = 
  CONFIG_HEADERS  = 
  CONFIG_LINKS    = 
  CONFIG_COMMANDS = 
  $ ./config.status 

on laptop

config.status:887: creating config.h
config.status:991: executing libtool commands

## ---------------- ##
## Cache variables. ##
## ---------------- ##

ac_cv_build=x86_64-unknown-linux-gnu
ac_cv_c_compiler_gnu=yes
ac_cv_env_CC_set=
ac_cv_env_CC_value=
ac_cv_env_CFLAGS_set=
ac_cv_env_CFLAGS_value=
ac_cv_env_CPPFLAGS_set=
ac_cv_env_CPPFLAGS_value=
ac_cv_env_CPP_set=
ac_cv_env_CPP_value=
ac_cv_env_LDFLAGS_set=
ac_cv_env_LDFLAGS_value=
ac_cv_env_LIBS_set=
ac_cv_env_LIBS_value=
ac_cv_env_build_alias_set=
ac_cv_env_build_alias_value=
ac_cv_env_host_alias_set=
ac_cv_env_host_alias_value=
ac_cv_env_target_alias_set=
ac_cv_env_target_alias_value=
ac_cv_header_dlfcn_h=yes
ac_cv_header_inttypes_h=yes
ac_cv_header_memory_h=yes
ac_cv_header_stdc=yes
ac_cv_header_stdint_h=yes
ac_cv_header_stdlib_h=yes
ac_cv_header_string_h=yes
ac_cv_header_strings_h=yes
ac_cv_header_sys_stat_h=yes
ac_cv_header_sys_types_h=yes
ac_cv_header_unistd_h=yes
ac_cv_host=x86_64-unknown-linux-gnu
ac_cv_objext=o
ac_cv_path_EGREP='/bin/grep -E'
ac_cv_path_FGREP='/bin/grep -F'
ac_cv_path_GREP=/bin/grep
ac_cv_path_SED=/bin/sed
ac_cv_prog_AWK=gawk
ac_cv_prog_CPP='cc -E'
ac_cv_prog_ac_ct_AR=ar
ac_cv_prog_ac_ct_CC=cc
ac_cv_prog_ac_ct_MANIFEST_TOOL=mt
ac_cv_prog_ac_ct_OBJDUMP=objdump
ac_cv_prog_ac_ct_RANLIB=ranlib
ac_cv_prog_ac_ct_STRIP=strip
ac_cv_prog_cc_c89=
ac_cv_prog_cc_cc_c_o=yes
ac_cv_prog_cc_g=yes
ac_cv_target=x86_64-unknown-linux-gnu
lt_cv_ar_at_file=@
lt_cv_archive_cmds_need_lc=no
lt_cv_deplibs_check_method=pass_all
lt_cv_file_magic_cmd='$MAGIC_CMD'
lt_cv_file_magic_test_file=
lt_cv_ld_reload_flag=-r
lt_cv_nm_interface='BSD nm'
lt_cv_objdir=.libs
lt_cv_path_LD=/usr/bin/ld
lt_cv_path_NM='/usr/bin/nm -B'
lt_cv_path_mainfest_tool=no
lt_cv_prog_compiler_c_o=yes
lt_cv_prog_compiler_pic='-fPIC -DPIC'
lt_cv_prog_compiler_pic_works=yes
lt_cv_prog_compiler_rtti_exceptions=no
lt_cv_prog_compiler_static_works=yes
lt_cv_prog_gnu_ld=yes
lt_cv_sharedlib_from_linklib_cmd='printf %s\n'
lt_cv_shlibpath_overrides_runpath=no
lt_cv_sys_global_symbol_pipe='sed -n -e '\''s/^.*[	 ]\([ABCDGIRSTW][ABCDGIRSTW]*\)[	 ][	 ]*\([_A-Za-z][_A-Za-z0-9]*\)$/\1 \2 \2/p'\'' | sed '\''/ __gnu_lto/d'\'''
lt_cv_sys_global_symbol_to_c_name_address='sed -n -e '\''s/^: \([^ ]*\)[ ]*$/  {\"\1\", (void *) 0},/p'\'' -e '\''s/^[ABCDGIRSTW]* \([^ ]*\) \([^ ]*\)$/  {"\2", (void *) \&\2},/p'\'''
lt_cv_sys_global_symbol_to_c_name_address_lib_prefix='sed -n -e '\''s/^: \([^ ]*\)[ ]*$/  {\"\1\", (void *) 0},/p'\'' -e '\''s/^[ABCDGIRSTW]* \([^ ]*\) \(lib[^ ]*\)$/  {"\2", (void *) \&\2},/p'\'' -e '\''s/^[ABCDGIRSTW]* \([^ ]*\) \([^ ]*\)$/  {"lib\2", (void *) \&\2},/p'\'''
lt_cv_sys_global_symbol_to_cdecl='sed -n -e '\''s/^T .* \(.*\)$/extern int \1();/p'\'' -e '\''s/^[ABCDGIRSTW]* .* \(.*\)$/extern char \1;/p'\'''
lt_cv_sys_max_cmd_len=1572864
lt_cv_to_host_file_cmd=func_convert_file_noop
lt_cv_to_tool_file_cmd=func_convert_file_noop
php_cv_cc_dashr=no
php_cv_cc_rpath=yes

## ----------------- ##
## Output variables. ##
## ----------------- ##

AR='ar'
AWK='gawk'
CC='cc'
CFLAGS='-g -O2'
CONFIGURE_COMMAND=' '\''./configure'\'' '
CONFIGURE_OPTIONS=''
CPP='cc -E'
CPPFLAGS=' -DHAVE_CONFIG_H'
DEFS='-DHAVE_CONFIG_H'
DLLTOOL='false'
DSYMUTIL=''
DUMPBIN=''
ECHO_C=''
ECHO_N='-n'
ECHO_T=''
EGREP='/bin/grep -E'
EXEEXT=''
FGREP='/bin/grep -F'
GREP='/bin/grep'
LD='/usr/bin/ld -m elf_x86_64'
LDFLAGS=''
LIBOBJS=''
LIBS=''
LIBTOOL='$(SHELL) $(top_builddir)/libtool'
LIPO=''
LN_S='ln -s'
LTLIBOBJS=''
MANIFEST_TOOL=':'
NM='/usr/bin/nm -B'
NMEDIT=''
OBJDUMP='objdump'
OBJEXT='o'
OTOOL64=''
OTOOL=''
PACKAGE_BUGREPORT=''
PACKAGE_NAME=''
PACKAGE_STRING=''
PACKAGE_TARNAME=''
PACKAGE_URL=''
PACKAGE_VERSION=''
PATH_SEPARATOR=':'
RANLIB='ranlib'
RE2C='exit 0;'
SED='/bin/sed'
SHELL='/bin/bash'
SHLIB_DL_SUFFIX_NAME='so'
SHLIB_SUFFIX_NAME='so'
STRIP='strip'
ac_ct_AR='ar'
ac_ct_CC='cc'
ac_ct_DUMPBIN=''
bindir='${exec_prefix}/bin'
build='x86_64-unknown-linux-gnu'
build_alias=''
build_cpu='x86_64'
build_os='linux-gnu'
build_vendor='unknown'
datadir='${datarootdir}'
datarootdir='${prefix}/share'
docdir='${datarootdir}/doc/${PACKAGE}'
dvidir='${docdir}'
exec_prefix='$(prefix)'
host='x86_64-unknown-linux-gnu'
host_alias='x86_64-unknown-linux-gnu'
host_cpu='x86_64'
host_os='linux-gnu'
host_vendor='unknown'
htmldir='${docdir}'
includedir='${prefix}/include'
infodir='${datarootdir}/info'
libdir='${exec_prefix}/lib'
libexecdir='${exec_prefix}/libexec'
localedir='${datarootdir}/locale'
localstatedir='${prefix}/var'
mandir='${datarootdir}/man'
oldincludedir='/usr/include'
pdfdir='${docdir}'
prefix='/usr'
program_transform_name='s,x,x,'
psdir='${docdir}'
sbindir='${exec_prefix}/sbin'
sharedstatedir='${prefix}/com'
sysconfdir='${prefix}/etc'
target='x86_64-unknown-linux-gnu'
target_alias=''
target_cpu='x86_64'
target_os='linux-gnu'
target_vendor='unknown'

## ----------- ##
## confdefs.h. ##
## ----------- ##

/* confdefs.h */
#define PACKAGE_NAME ""
#define PACKAGE_TARNAME ""
#define PACKAGE_VERSION ""
#define PACKAGE_STRING ""
#define PACKAGE_BUGREPORT ""
#define PACKAGE_URL ""
#define HAVE_STATA 1
#define COMPILE_DL_STATA 1
#define STDC_HEADERS 1
#define HAVE_SYS_TYPES_H 1
#define HAVE_SYS_STAT_H 1
#define HAVE_STDLIB_H 1
#define HAVE_STRING_H 1
#define HAVE_MEMORY_H 1
#define HAVE_STRINGS_H 1
#define HAVE_INTTYPES_H 1
#define HAVE_STDINT_H 1
#define HAVE_UNISTD_H 1
#define HAVE_DLFCN_H 1
#define LT_OBJDIR ".libs/"

configure: exit 0
